<?xml version="1.0" encoding="UTF-8"?>
<!-- Generated by org.testng.reporters.JUnitReportReporter -->
<testsuite hostname="XE-GGN-IT-02851" failures="0" tests="1" name="FirstGradle.Tes" time="37.507" errors="0" timestamp="2021-08-12T14:49:12 IST" skipped="0">
  <testcase classname="FirstGradle.Tes" name="FristCase" time="37.507"/>
  <system-out/>
</testsuite> <!-- FirstGradle.Tes -->
